
Apr. 08, 2022 12:04:41 A.M. mru.tsc.view.GUIController initialize
INFO: Program Ran Successfully
Apr. 08, 2022 12:06:53 A.M. mru.tsc.view.GUIController initialize
INFO: Program Ran Successfully
Apr. 08, 2022 12:07:05 A.M. mru.tsc.view.GUIController initialize
INFO: Program Ran Successfully
Apr. 08, 2022 12:07:58 A.M. mru.tsc.view.GUIController initialize
INFO: Program Ran Successfully
Apr. 08, 2022 12:08:06 A.M. mru.tsc.view.GUIController RemoveToy
INFO: Toy Removed Succesfully
Apr. 08, 2022 12:09:11 A.M. mru.tsc.view.GUIController initialize
INFO: Program Stated Successfully
Apr. 08, 2022 12:10:00 A.M. mru.tsc.view.GUIController AddToy
INFO: New Animal added
Apr. 08, 2022 12:10:38 A.M. mru.tsc.view.GUIController initialize
INFO: Program Stated Successfully
Apr. 08, 2022 12:11:14 A.M. mru.tsc.view.GUIController AddToy
INFO: New Animal added
Apr. 08, 2022 12:11:14 A.M. mru.tsc.view.GUIController AddToy
INFO: Data Saved Succesfully
